<?xml version="1.0" encoding="UTF-8" ?>
<CONFIG>
    <INTERFACE>
        <DLLEARNER>
            <TYPE>inMem</TYPE>
        </DLLEARNER>
        <LIMES>
            <TYPE>inMem</TYPE>
        </LIMES>
    </INTERFACE>
    <REFINE>
        <PREFIX>
            <NAMESPACE>http://geovocab.org/geometry#</NAMESPACE>
            <LABEL>geom</LABEL>
        </PREFIX>
        <SOURCE>
            <ID>mesh</ID>
            <ENDPOINT>http://mesh.bio2rdf.org/sparql</ENDPOINT>
            <VAR>?y</VAR>
            <PAGESIZE>5000</PAGESIZE>
            <RESTRICTION>?y rdf:type meshr:Concept</RESTRICTION>
            <PROPERTY>dc:title</PROPERTY>
            <TYPE>sparql</TYPE>
        </SOURCE>
        <TARGET>
            <ID>linkedct</ID>
            <ENDPOINT>http://data.linkedct.org/sparql</ENDPOINT>
            <VAR>?x</VAR>
            <PAGESIZE>5000</PAGESIZE>
            <RESTRICTION>?x rdf:type linkedct:condition</RESTRICTION>
            <PROPERTY>linkedct:condition_name</PROPERTY>
        </TARGET>
        <EXAMPLES>
            <LOAD type="positive">./positive.txt</LOAD>
            <POSITIVE>linkedct:bla1</POSITIVE>
            <POSITIVE>linkedct:bla2</POSITIVE>
            <NEGATIVE>linkedct:bla3</NEGATIVE>
            <NEGATIVE>linkedct:bla4</NEGATIVE>
        </EXAMPLES>
    </REFINE>
</CONFIG>
