<?xml version="1.0" encoding="UTF-8" ?>
<config>
    <interfaces>
        <dllearner>
            <type>inMem</type>
        </dllearner>
        <limes>
            <type>local</type>
            <fileType>RDF</fileType>
            <javaHome>java</javaHome>
            <limesJar>./limes.jar</limesJar>
        </limes>
    </interfaces>
    <refine>

    </refine>
</config>
